0 info it worked if it ends with ok
1 verbose cli [ 'C:\\Program Files\\nodejs\\node.exe',
1 verbose cli   'C:\\Program Files\\nodejs\\node_modules\\npm\\bin\\npm-cli.js',
1 verbose cli   'run',
1 verbose cli   'test-watch' ]
2 info using npm@3.10.8
3 info using node@v6.9.1
4 verbose run-script [ 'pretest-watch', 'test-watch', 'posttest-watch' ]
5 info lifecycle testing-with-mocha@1.0.0~pretest-watch: testing-with-mocha@1.0.0
6 silly lifecycle testing-with-mocha@1.0.0~pretest-watch: no script for pretest-watch, continuing
7 info lifecycle testing-with-mocha@1.0.0~test-watch: testing-with-mocha@1.0.0
8 verbose lifecycle testing-with-mocha@1.0.0~test-watch: unsafe-perm in lifecycle true
9 verbose lifecycle testing-with-mocha@1.0.0~test-watch: PATH: C:\Program Files\nodejs\node_modules\npm\bin\node-gyp-bin;C:\Users\maimous\Desktop\The Complete Node.js Developer Course 2.0 by Andrew Mead\Section 6 - Testing with Mocha\node_modules\.bin;C:\Python34\;C:\Python34\Scripts;C:\Windows\system32;C:\Windows;C:\Windows\System32\Wbem;C:\Windows\System32\WindowsPowerShell\v1.0\;C:\Program Files (x86)\Common Files\Autodesk Shared\;C:\Program Files (x86)\ATI Technologies\ATI.ACE\Core-Static;C:\Program Files (x86)\Skype\Phone\;C:\Program Files\Git\cmd;C:\Program Files (x86)\Brackets\command;C:\Program Files (x86)\Heroku\bin;C:\Program Files (x86)\git\cmd;C:\Program Files (x86)\Git\cmd;C:\Program Files (x86)\Windows Kits\8.1\Windows Performance Toolkit\;C:\Python34;C:\Program Files\nodejs\ ; C:\MongoDB\Server\3.2\bin\;C:\Program Files\nodejs\;C:\Users\maimous\AppData\Local\atom\bin;C:\Python34; C:\MongoDB\Server\3.2\bin\;C:\Users\maimous\AppData\Roaming\npm;C:\Program Files (x86)\Microsoft VS Code\bin
10 verbose lifecycle testing-with-mocha@1.0.0~test-watch: CWD: C:\Users\maimous\Desktop\The Complete Node.js Developer Course 2.0 by Andrew Mead\Section 6 - Testing with Mocha
11 silly lifecycle testing-with-mocha@1.0.0~test-watch: Args: [ '/d /s /c', 'nodemon --exec "npm test"' ]
12 silly lifecycle testing-with-mocha@1.0.0~test-watch: Returned: code: 3221225786  signal: null
13 info lifecycle testing-with-mocha@1.0.0~test-watch: Failed to exec test-watch script
14 verbose stack Error: testing-with-mocha@1.0.0 test-watch: `nodemon --exec "npm test"`
14 verbose stack Exit status 3221225786
14 verbose stack     at EventEmitter.<anonymous> (C:\Program Files\nodejs\node_modules\npm\lib\utils\lifecycle.js:255:16)
14 verbose stack     at emitTwo (events.js:106:13)
14 verbose stack     at EventEmitter.emit (events.js:191:7)
14 verbose stack     at ChildProcess.<anonymous> (C:\Program Files\nodejs\node_modules\npm\lib\utils\spawn.js:40:14)
14 verbose stack     at emitTwo (events.js:106:13)
14 verbose stack     at ChildProcess.emit (events.js:191:7)
14 verbose stack     at maybeClose (internal/child_process.js:877:16)
14 verbose stack     at Process.ChildProcess._handle.onexit (internal/child_process.js:226:5)
15 verbose pkgid testing-with-mocha@1.0.0
16 verbose cwd C:\Users\maimous\Desktop\The Complete Node.js Developer Course 2.0 by Andrew Mead\Section 6 - Testing with Mocha
17 error Windows_NT 6.3.9600
18 error argv "C:\\Program Files\\nodejs\\node.exe" "C:\\Program Files\\nodejs\\node_modules\\npm\\bin\\npm-cli.js" "run" "test-watch"
19 error node v6.9.1
20 error npm  v3.10.8
21 error code ELIFECYCLE
22 error testing-with-mocha@1.0.0 test-watch: `nodemon --exec "npm test"`
22 error Exit status 3221225786
23 error Failed at the testing-with-mocha@1.0.0 test-watch script 'nodemon --exec "npm test"'.
23 error Make sure you have the latest version of node.js and npm installed.
23 error If you do, this is most likely a problem with the testing-with-mocha package,
23 error not with npm itself.
23 error Tell the author that this fails on your system:
23 error     nodemon --exec "npm test"
23 error You can get information on how to open an issue for this project with:
23 error     npm bugs testing-with-mocha
23 error Or if that isn't available, you can get their info via:
23 error     npm owner ls testing-with-mocha
23 error There is likely additional logging output above.
24 verbose exit [ 1, true ]
